[debug] [2024-05-10T04:56:39.891Z] ----------------------------------------------------------------------
[debug] [2024-05-10T04:56:39.893Z] Command:       /opt/homebrew/Cellar/node/21.2.0/bin/node /opt/homebrew/bin/firebase init
[debug] [2024-05-10T04:56:39.893Z] CLI Version:   13.8.2
[debug] [2024-05-10T04:56:39.893Z] Platform:      darwin
[debug] [2024-05-10T04:56:39.894Z] Node Version:  v21.2.0
[debug] [2024-05-10T04:56:39.894Z] Time:          Fri May 10 2024 10:26:39 GMT+0530 (India Standard Time)
[debug] [2024-05-10T04:56:39.894Z] ----------------------------------------------------------------------
[debug] 
[debug] [2024-05-10T04:56:39.896Z] >>> [apiv2][query] GET https://firebase-public.firebaseio.com/cli.json [none]
[debug] [2024-05-10T04:56:39.924Z] > command requires scopes: ["email","openid","https://www.googleapis.com/auth/cloudplatformprojects.readonly","https://www.googleapis.com/auth/firebase","https://www.googleapis.com/auth/cloud-platform"]
[debug] [2024-05-10T04:56:39.924Z] > authorizing via signed-in user (purbiagaurav.12@gmail.com)
[info] 
     ######## #### ########  ######## ########     ###     ######  ########
     ##        ##  ##     ## ##       ##     ##  ##   ##  ##       ##
     ######    ##  ########  ######   ########  #########  ######  ######
     ##        ##  ##    ##  ##       ##     ## ##     ##       ## ##
     ##       #### ##     ## ######## ########  ##     ##  ######  ########

You're about to initialize a Firebase project in this directory:

  /Users/gaurav/Documents/GitHub/Updated Bajrang Furniture

[debug] [2024-05-10T04:56:39.937Z] *** [apiv2] error from fetch(https://firebase-public.firebaseio.com/cli.json, {"headers":{},"method":"GET"}): FetchError: request to https://firebase-public.firebaseio.com/cli.json failed, reason: getaddrinfo ENOTFOUND firebase-public.firebaseio.com
[warn] ⚠  Unable to fetch the CLI MOTD and remote config. This is not a fatal error, but may indicate an issue with your network connection. 
[debug] [2024-05-10T04:56:39.938Z] Failed to fetch MOTD FirebaseError: Failed to make request to https://firebase-public.firebaseio.com/cli.json
[info] 
=== Project Setup
[info] 
[info] First, let's associate this project directory with a Firebase project.
[info] You can create multiple project aliases by running firebase use --add, 
[info] but for now we'll just set up a default project.
[info] 
[debug] [2024-05-10T04:56:53.294Z] >>> [apiv2][query] GET https://firebase.googleapis.com/v1beta1/projects pageSize=100
[debug] [2024-05-10T04:56:54.073Z] <<< [apiv2][status] GET https://firebase.googleapis.com/v1beta1/projects 200
[debug] [2024-05-10T04:56:54.073Z] <<< [apiv2][body] GET https://firebase.googleapis.com/v1beta1/projects [omitted]
[info] i  Using project furniture-baj (Furniture Baj) 
[info] 
=== Hosting Setup
[debug] [2024-05-10T04:56:56.326Z] >>> [apiv2][query] GET https://firebase.googleapis.com/v1beta1/projects/furniture-baj [none]
[debug] [2024-05-10T04:56:56.722Z] <<< [apiv2][status] GET https://firebase.googleapis.com/v1beta1/projects/furniture-baj 200
[debug] [2024-05-10T04:56:56.722Z] <<< [apiv2][body] GET https://firebase.googleapis.com/v1beta1/projects/furniture-baj {"projectId":"furniture-baj","projectNumber":"37933863491","displayName":"Furniture Baj","name":"projects/furniture-baj","resources":{"hostingSite":"furniture-baj"},"state":"ACTIVE","etag":"1_a44a8c0f-458e-4ce7-bbe0-c4b151ed6178"}
[info] 
[info] Your public directory is the folder (relative to your project directory) that
[info] will contain Hosting assets to be uploaded with firebase deploy. If you
[info] have a build process for your assets, use your build's output directory.
[info] 
[debug] [2024-05-10T04:57:19.295Z] >>> [apiv2][query] GET https://www.gstatic.com/firebasejs/releases.json [none]
[debug] [2024-05-10T04:57:19.698Z] <<< [apiv2][status] GET https://www.gstatic.com/firebasejs/releases.json 200
[debug] [2024-05-10T04:57:19.698Z] <<< [apiv2][body] GET https://www.gstatic.com/firebasejs/releases.json {"current":{"version":"10.11.1","browserURL":"https://www.gstatic.com/firebasejs/10.11.1/firebase.js","packageURL":"https://www.gstatic.com/firebasejs/10.11.1/firebase.tgz"},"live":{"version":"10.11","browserURL":"https://www.gstatic.com/firebasejs/live/10.11/firebase.js","packageURL":"https://www.gstatic.com/firebasejs/live/10.11/firebase.tgz"},"components":{"analytics":"https://www.gstatic.com/firebasejs/10.11.1/firebase-analytics.js","app":"https://www.gstatic.com/firebasejs/10.11.1/firebase-app.js","app-check":"https://www.gstatic.com/firebasejs/10.11.1/firebase-app-check.js","auth":"https://www.gstatic.com/firebasejs/10.11.1/firebase-auth.js","auth/cordova":"https://www.gstatic.com/firebasejs/10.11.1/firebase-auth/cordova.js","auth/web-extension":"https://www.gstatic.com/firebasejs/10.11.1/firebase-auth/web-extension.js","functions":"https://www.gstatic.com/firebasejs/10.11.1/firebase-functions.js","firestore":"https://www.gstatic.com/firebasejs/10.11.1/firebase-firestore.js","firestore/lite":"https://www.gstatic.com/firebasejs/10.11.1/firebase-firestore/lite.js","installations":"https://www.gstatic.com/firebasejs/10.11.1/firebase-installations.js","storage":"https://www.gstatic.com/firebasejs/10.11.1/firebase-storage.js","performance":"https://www.gstatic.com/firebasejs/10.11.1/firebase-performance.js","remote-config":"https://www.gstatic.com/firebasejs/10.11.1/firebase-remote-config.js","messaging":"https://www.gstatic.com/firebasejs/10.11.1/firebase-messaging.js","messaging/sw":"https://www.gstatic.com/firebasejs/10.11.1/firebase-messaging/sw.js","database":"https://www.gstatic.com/firebasejs/10.11.1/firebase-database.js","firestore.memory":"https://www.gstatic.com/firebasejs/10.11.1/firebase-firestore.memory.js"}}
[info] i  Skipping write of public/index.html 
[info] 
[info] i  Didn't detect a .git folder. Assuming /Users/gaurav/Documents/GitHub/Updated Bajrang Furniture is the project root. 
[info] i  Authorizing with GitHub to upload your service account to a GitHub repository's secrets store. 
[info] 
[info] Visit this URL on this device to log in:
[info] https://github.com/login/oauth/authorize?client_id=89cf50f02ac6aaed3484&state=451506596&redirect_uri=http%3A%2F%2Flocalhost%3A9005&scope=read%3Auser%20repo%20public_repo
[info] 
[info] Waiting for authentication...
[debug] [2024-05-10T05:00:11.381Z] >>> [apiv2][query] POST https://github.com/login/oauth/access_token [none]
[debug] [2024-05-10T05:00:11.381Z] >>> [apiv2][body] POST https://github.com/login/oauth/access_token [stream]
[debug] [2024-05-10T05:00:11.877Z] <<< [apiv2][status] POST https://github.com/login/oauth/access_token 200
[debug] [2024-05-10T05:00:11.877Z] <<< [apiv2][body] POST https://github.com/login/oauth/access_token {"access_token":"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","token_type":"bearer","scope":"read:user,repo"}
[debug] [2024-05-10T05:00:11.889Z] >>> [apiv2][query] GET https://api.github.com/user [none]
[debug] [2024-05-10T05:00:12.412Z] <<< [apiv2][status] GET https://api.github.com/user 200
[debug] [2024-05-10T05:00:12.412Z] <<< [apiv2][body] GET https://api.github.com/user {"login":"altiereality","id":103644769,"node_id":"U_kgDOBi1-YQ","avatar_url":"https://avatars.githubusercontent.com/u/103644769?v=4","gravatar_id":"","url":"https://api.github.com/users/altiereality","html_url":"https://github.com/altiereality","followers_url":"https://api.github.com/users/altiereality/followers","following_url":"https://api.github.com/users/altiereality/following{/other_user}","gists_url":"https://api.github.com/users/altiereality/gists{/gist_id}","starred_url":"https://api.github.com/users/altiereality/starred{/owner}{/repo}","subscriptions_url":"https://api.github.com/users/altiereality/subscriptions","organizations_url":"https://api.github.com/users/altiereality/orgs","repos_url":"https://api.github.com/users/altiereality/repos","events_url":"https://api.github.com/users/altiereality/events{/privacy}","received_events_url":"https://api.github.com/users/altiereality/received_events","type":"User","site_admin":false,"name":null,"company":null,"blog":"","location":null,"email":null,"hireable":null,"bio":null,"twitter_username":null,"public_repos":4,"public_gists":0,"followers":0,"following":0,"created_at":"2022-04-14T12:27:02Z","updated_at":"2024-01-19T10:25:54Z","private_gists":0,"total_private_repos":9,"owned_private_repos":9,"disk_usage":534571,"collaborators":1,"two_factor_authentication":false,"plan":{"name":"free","space":976562499,"collaborators":0,"private_repos":10000}}
[info] 
[info] ✔  Success! Logged into GitHub as altiereality 
[info] 
